
SPECjbb2015 Java Business Benchmark
 (c) Standard Performance Evaluation Corporation, 2015

Preparing to launch SPECjbb2015 reporter.

Reading property file: /shared/projects/openjdk/analysis/lilliput-benefits/specjbb/results-COH-ON-G1-0/./config/specjbb2015.props
Report directory is result/specjbb2015-C-20240905-00001/report-00001
  6784s: Building report...

       785 msec: Pre-reading source
         0 msec: Validation
         1 msec: Dump run logs
        42 msec: Building throughput - response time curve
RUN RESULT: hbIR (max attempted) = 13837, hbIR (settled) = 11548, max-jOPS = 10931, critical-jOPS = 3978
        16 msec: Primary metrics calculation
        61 msec: Render Allowed Failures
         0 msec: Printing JbbProperties
         2 msec: Build report with HW/SW parameters
         0 msec: Controller time verification
        17 msec: Parsing attributes
         1 msec: Parsing agent names
       887 msec: Max Delay during RT curve building
      1017 msec: Overall RT curves
       998 msec: Render IR by probes tasks
         0 msec: Render RT
      1013 msec: Request Mix accuracy
      1081 msec: Render IR/PR Accuracy
         5 msec: Render template to file result/specjbb2015-C-20240905-00001/report-00001/data/specjbb2015-C-20240905-00001-runProperties.txt
        26 msec: Render template to file result/specjbb2015-C-20240905-00001/report-00001/specjbb2015-C-20240905-00001.html
Report generation finished. Wallclock = 2105 msecs, real = 5952 msecs, parallelism = 2.83x
