
SPECjbb2015 Java Business Benchmark
 (c) Standard Performance Evaluation Corporation, 2015

Preparing to launch SPECjbb2015 reporter.

Reading property file: /shared/projects/openjdk/analysis/lilliput-benefits/specjbb/results-COH-OFF-Parallel-4/./config/specjbb2015.props
Report directory is result/specjbb2015-C-20240909-00001/report-00001
  7798s: Building report...

       785 msec: Pre-reading source
         0 msec: Validation
         1 msec: Dump run logs
        45 msec: Building throughput - response time curve
RUN RESULT: hbIR (max attempted) = 11548, hbIR (settled) = 10532, max-jOPS = 10162, critical-jOPS = 3704
        19 msec: Primary metrics calculation
        67 msec: Render Allowed Failures
         2 msec: Printing JbbProperties
         1 msec: Build report with HW/SW parameters
         0 msec: Controller time verification
        24 msec: Parsing attributes
         3 msec: Parsing agent names
       551 msec: Render IR/PR Accuracy
       664 msec: Max Delay during RT curve building
       777 msec: Overall RT curves
       765 msec: Request Mix accuracy
       901 msec: Render IR by probes tasks
         0 msec: Render RT
         4 msec: Render template to file result/specjbb2015-C-20240909-00001/report-00001/data/specjbb2015-C-20240909-00001-runProperties.txt
        29 msec: Render template to file result/specjbb2015-C-20240909-00001/report-00001/specjbb2015-C-20240909-00001.html
Report generation finished. Wallclock = 1997 msecs, real = 4638 msecs, parallelism = 2.32x
