
SPECjbb2015 Java Business Benchmark
 (c) Standard Performance Evaluation Corporation, 2015

Preparing to launch SPECjbb2015 reporter.

Reading property file: /shared/projects/openjdk/analysis/lilliput-benefits/specjbb/results-COH-OFF-G1-with-perf-3/./config/specjbb2015.props
Report directory is result/specjbb2015-C-20240906-00001/report-00001
  7966s: Building report...

       845 msec: Pre-reading source
         0 msec: Validation
         2 msec: Dump run logs
        44 msec: Building throughput - response time curve
RUN RESULT: hbIR (max attempted) = 11548, hbIR (settled) = 10532, max-jOPS = 10162, critical-jOPS = 3810
        19 msec: Primary metrics calculation
        67 msec: Render Allowed Failures
        25 msec: Parsing attributes
         2 msec: Parsing agent names
       593 msec: Render IR/PR Accuracy
         0 msec: Printing JbbProperties
       452 msec: Max Delay during RT curve building
         0 msec: Controller time verification
         2 msec: Build report with HW/SW parameters
       669 msec: Overall RT curves
       780 msec: Render IR by probes tasks
         0 msec: Render RT
       256 msec: Request Mix accuracy
         5 msec: Render template to file result/specjbb2015-C-20240906-00001/report-00001/data/specjbb2015-C-20240906-00001-runProperties.txt
        24 msec: Render template to file result/specjbb2015-C-20240906-00001/report-00001/specjbb2015-C-20240906-00001.html
Report generation finished. Wallclock = 1923 msecs, real = 3785 msecs, parallelism = 1.97x
