
SPECjbb2015 Java Business Benchmark
 (c) Standard Performance Evaluation Corporation, 2015

Preparing to launch SPECjbb2015 reporter.

Reading property file: /shared/projects/openjdk/analysis/lilliput-benefits/specjbb/results-COH-ON-Parallel-1/./config/specjbb2015.props
Report directory is result/specjbb2015-C-20240907-00001/report-00001
  6956s: Building report...

       720 msec: Pre-reading source
         0 msec: Validation
         1 msec: Dump run logs
        66 msec: Building throughput - response time curve
RUN RESULT: hbIR (max attempted) = 13837, hbIR (settled) = 11548, max-jOPS = 11070, critical-jOPS = 4088
        25 msec: Primary metrics calculation
        93 msec: Render Allowed Failures
        35 msec: Parsing attributes
         2 msec: Parsing agent names
       405 msec: Max Delay during RT curve building
         0 msec: Printing JbbProperties
         0 msec: Controller time verification
         1 msec: Build report with HW/SW parameters
       867 msec: Render IR/PR Accuracy
       779 msec: Render IR by probes tasks
       189 msec: Request Mix accuracy
       820 msec: Overall RT curves
         0 msec: Render RT
         5 msec: Render template to file result/specjbb2015-C-20240907-00001/report-00001/data/specjbb2015-C-20240907-00001-runProperties.txt
        23 msec: Render template to file result/specjbb2015-C-20240907-00001/report-00001/specjbb2015-C-20240907-00001.html
Report generation finished. Wallclock = 1819 msecs, real = 4031 msecs, parallelism = 2.22x
