
SPECjbb2015 Java Business Benchmark
 (c) Standard Performance Evaluation Corporation, 2015

Preparing to launch SPECjbb2015 reporter.

Reading property file: /shared/projects/openjdk/analysis/lilliput-benefits/specjbb/results-COH-OFF-Parallel-FullGC-8G-2/./config/specjbb2015.props
Report directory is result/specjbb2015-C-20240917-00001/report-00001
  7758s: Building report...

       759 msec: Pre-reading source
         0 msec: Validation
         1 msec: Dump run logs
        41 msec: Building throughput - response time curve
RUN RESULT: hbIR (max attempted) = 13837, hbIR (settled) = 12064, max-jOPS = 12315, critical-jOPS = 4162
        18 msec: Primary metrics calculation
        62 msec: Render Allowed Failures
        22 msec: Parsing attributes
         1 msec: Parsing agent names
       459 msec: Max Delay during RT curve building
         0 msec: Printing JbbProperties
         0 msec: Controller time verification
         1 msec: Build report with HW/SW parameters
       666 msec: Render IR/PR Accuracy
       641 msec: Overall RT curves
       767 msec: Render IR by probes tasks
         0 msec: Render RT
       272 msec: Request Mix accuracy
         4 msec: Render template to file result/specjbb2015-C-20240917-00001/report-00001/data/specjbb2015-C-20240917-00001-runProperties.txt
        23 msec: Render template to file result/specjbb2015-C-20240917-00001/report-00001/specjbb2015-C-20240917-00001.html
Report generation finished. Wallclock = 1845 msecs, real = 3737 msecs, parallelism = 2.03x
