
SPECjbb2015 Java Business Benchmark
 (c) Standard Performance Evaluation Corporation, 2015

Preparing to launch SPECjbb2015 reporter.

Reading property file: /shared/projects/openjdk/analysis/lilliput-benefits/specjbb/results-COH-ON-G1-FullGC-8G-1/./config/specjbb2015.props
Report directory is result/specjbb2015-C-20240913-00001/report-00001
  8515s: Building report...

       920 msec: Pre-reading source
         0 msec: Validation
         1 msec: Dump run logs
        73 msec: Building throughput - response time curve
RUN RESULT: hbIR (max attempted) = 12835, hbIR (settled) = 12302, max-jOPS = 12065, critical-jOPS = 4294
        32 msec: Primary metrics calculation
       108 msec: Render Allowed Failures
        26 msec: Parsing attributes
         2 msec: Parsing agent names
       372 msec: Max Delay during RT curve building
         0 msec: Printing JbbProperties
       466 msec: Render IR by probes tasks
         1 msec: Build report with HW/SW parameters
       579 msec: Render IR/PR Accuracy
         0 msec: Controller time verification
       507 msec: Overall RT curves
         0 msec: Render RT
        50 msec: Request Mix accuracy
         3 msec: Render template to file result/specjbb2015-C-20240913-00001/report-00001/data/specjbb2015-C-20240913-00001-runProperties.txt
        22 msec: Render template to file result/specjbb2015-C-20240913-00001/report-00001/specjbb2015-C-20240913-00001.html
Report generation finished. Wallclock = 1737 msecs, real = 3162 msecs, parallelism = 1.82x
