
SPECjbb2015 Java Business Benchmark
 (c) Standard Performance Evaluation Corporation, 2015

Preparing to launch SPECjbb2015 reporter.

Reading property file: /shared/projects/openjdk/analysis/lilliput-benefits/specjbb/results-COH-OFF-G1-0/./config/specjbb2015.props
Report directory is result/specjbb2015-C-20240905-00001/report-00001
  7558s: Building report...

       822 msec: Pre-reading source
         0 msec: Validation
         1 msec: Dump run logs
        58 msec: Building throughput - response time curve
RUN RESULT: hbIR (max attempted) = 11548, hbIR (settled) = 10383, max-jOPS = 10047, critical-jOPS = 3532
        25 msec: Primary metrics calculation
        88 msec: Render Allowed Failures
        33 msec: Parsing attributes
         3 msec: Parsing agent names
       463 msec: Max Delay during RT curve building
         0 msec: Printing JbbProperties
         1 msec: Build report with HW/SW parameters
         0 msec: Controller time verification
       626 msec: Overall RT curves
       716 msec: Render IR by probes tasks
         0 msec: Render RT
       831 msec: Render IR/PR Accuracy
       277 msec: Request Mix accuracy
         5 msec: Render template to file result/specjbb2015-C-20240905-00001/report-00001/data/specjbb2015-C-20240905-00001-runProperties.txt
        31 msec: Render template to file result/specjbb2015-C-20240905-00001/report-00001/specjbb2015-C-20240905-00001.html
Report generation finished. Wallclock = 2013 msecs, real = 3980 msecs, parallelism = 1.98x
