
SPECjbb2015 Java Business Benchmark
 (c) Standard Performance Evaluation Corporation, 2015

Preparing to launch SPECjbb2015 reporter.

Reading property file: /shared/projects/openjdk/analysis/lilliput-benefits/specjbb/results-COH-ON-G1-FullGC-8G-2/./config/specjbb2015.props
Report directory is result/specjbb2015-C-20240913-00001/report-00001
  7236s: Building report...

       721 msec: Pre-reading source
         0 msec: Validation
         1 msec: Dump run logs
        42 msec: Building throughput - response time curve
RUN RESULT: hbIR (max attempted) = 13837, hbIR (settled) = 11548, max-jOPS = 11485, critical-jOPS = 4097
        19 msec: Primary metrics calculation
        64 msec: Render Allowed Failures
        20 msec: Parsing attributes
         2 msec: Parsing agent names
       483 msec: Max Delay during RT curve building
         0 msec: Printing JbbProperties
       550 msec: Render IR by probes tasks
         1 msec: Build report with HW/SW parameters
         0 msec: Controller time verification
       628 msec: Render IR/PR Accuracy
       588 msec: Overall RT curves
         0 msec: Render RT
        83 msec: Request Mix accuracy
         4 msec: Render template to file result/specjbb2015-C-20240913-00001/report-00001/data/specjbb2015-C-20240913-00001-runProperties.txt
        23 msec: Render template to file result/specjbb2015-C-20240913-00001/report-00001/specjbb2015-C-20240913-00001.html
Report generation finished. Wallclock = 1712 msecs, real = 3229 msecs, parallelism = 1.89x
