
SPECjbb2015 Java Business Benchmark
 (c) Standard Performance Evaluation Corporation, 2015

Preparing to launch SPECjbb2015 reporter.

Reading property file: /shared/projects/openjdk/analysis/lilliput-benefits/specjbb/results-COH-OFF-G1-2/./config/specjbb2015.props
Report directory is result/specjbb2015-C-20240908-00001/report-00001
  8166s: Building report...

       864 msec: Pre-reading source
         0 msec: Validation
         1 msec: Dump run logs
        66 msec: Building throughput - response time curve
RUN RESULT: hbIR (max attempted) = 11548, hbIR (settled) = 10781, max-jOPS = 10162, critical-jOPS = 3709
        26 msec: Primary metrics calculation
        95 msec: Render Allowed Failures
         0 msec: Printing JbbProperties
         0 msec: Controller time verification
         1 msec: Build report with HW/SW parameters
        41 msec: Parsing attributes
         2 msec: Parsing agent names
       600 msec: Render IR/PR Accuracy
       566 msec: Request Mix accuracy
       517 msec: Max Delay during RT curve building
       658 msec: Overall RT curves
       659 msec: Render IR by probes tasks
         0 msec: Render RT
         3 msec: Render template to file result/specjbb2015-C-20240908-00001/report-00001/data/specjbb2015-C-20240908-00001-runProperties.txt
        23 msec: Render template to file result/specjbb2015-C-20240908-00001/report-00001/specjbb2015-C-20240908-00001.html
Report generation finished. Wallclock = 1840 msecs, real = 4122 msecs, parallelism = 2.24x
