
SPECjbb2015 Java Business Benchmark
 (c) Standard Performance Evaluation Corporation, 2015

Preparing to launch SPECjbb2015 reporter.

Reading property file: /shared/projects/openjdk/analysis/lilliput-benefits/specjbb/results-COH-ON-G1-2/./config/specjbb2015.props
Report directory is result/specjbb2015-C-20240908-00001/report-00001
  6737s: Building report...

       676 msec: Pre-reading source
         0 msec: Validation
         1 msec: Dump run logs
        42 msec: Building throughput - response time curve
RUN RESULT: hbIR (max attempted) = 13837, hbIR (settled) = 11548, max-jOPS = 10793, critical-jOPS = 3890
        18 msec: Primary metrics calculation
        64 msec: Render Allowed Failures
        19 msec: Parsing attributes
         1 msec: Parsing agent names
       320 msec: Max Delay during RT curve building
         0 msec: Printing JbbProperties
         0 msec: Controller time verification
         2 msec: Build report with HW/SW parameters
       520 msec: Render IR by probes tasks
       590 msec: Render IR/PR Accuracy
       569 msec: Overall RT curves
         0 msec: Render RT
       165 msec: Request Mix accuracy
         5 msec: Render template to file result/specjbb2015-C-20240908-00001/report-00001/data/specjbb2015-C-20240908-00001-runProperties.txt
        24 msec: Render template to file result/specjbb2015-C-20240908-00001/report-00001/specjbb2015-C-20240908-00001.html
Report generation finished. Wallclock = 1508 msecs, real = 3016 msecs, parallelism = 2.00x
