
SPECjbb2015 Java Business Benchmark
 (c) Standard Performance Evaluation Corporation, 2015

Preparing to launch SPECjbb2015 reporter.

Reading property file: /shared/projects/openjdk/analysis/lilliput-benefits/specjbb/results-COH-ON-G1-0/./config/specjbb2015.props
Report directory is result/specjbb2015-C-20240903-00001/report-00001
  6916s: Building report...

       702 msec: Pre-reading source
         0 msec: Validation
         1 msec: Dump run logs
        52 msec: Building throughput - response time curve
RUN RESULT: hbIR (max attempted) = 13837, hbIR (settled) = 11548, max-jOPS = 10793, critical-jOPS = 3961
        16 msec: Primary metrics calculation
        71 msec: Render Allowed Failures
        21 msec: Parsing attributes
         2 msec: Parsing agent names
       465 msec: Max Delay during RT curve building
         0 msec: Printing JbbProperties
         0 msec: Controller time verification
         1 msec: Build report with HW/SW parameters
       596 msec: Overall RT curves
       584 msec: Render IR by probes tasks
         0 msec: Render RT
       661 msec: Render IR/PR Accuracy
       101 msec: Request Mix accuracy
         5 msec: Render template to file result/specjbb2015-C-20240903-00001/report-00001/data/specjbb2015-C-20240903-00001-runProperties.txt
        24 msec: Render template to file result/specjbb2015-C-20240903-00001/report-00001/specjbb2015-C-20240903-00001.html
Report generation finished. Wallclock = 1615 msecs, real = 3302 msecs, parallelism = 2.04x
