
SPECjbb2015 Java Business Benchmark
 (c) Standard Performance Evaluation Corporation, 2015

Preparing to launch SPECjbb2015 reporter.

Reading property file: /shared/projects/openjdk/analysis/lilliput-benefits/specjbb/results-COH-ON-G1-1/./config/specjbb2015.props
Report directory is result/specjbb2015-C-20240907-00001/report-00001
  6752s: Building report...

       671 msec: Pre-reading source
         0 msec: Validation
         1 msec: Dump run logs
        41 msec: Building throughput - response time curve
RUN RESULT: hbIR (max attempted) = 13837, hbIR (settled) = 11548, max-jOPS = 10793, critical-jOPS = 4021
        14 msec: Primary metrics calculation
        58 msec: Render Allowed Failures
        19 msec: Parsing attributes
         1 msec: Parsing agent names
       307 msec: Max Delay during RT curve building
         0 msec: Printing JbbProperties
         0 msec: Controller time verification
         1 msec: Build report with HW/SW parameters
       489 msec: Render IR/PR Accuracy
       452 msec: Overall RT curves
       475 msec: Render IR by probes tasks
         0 msec: Render RT
       113 msec: Request Mix accuracy
         5 msec: Render template to file result/specjbb2015-C-20240907-00001/report-00001/data/specjbb2015-C-20240907-00001-runProperties.txt
        23 msec: Render template to file result/specjbb2015-C-20240907-00001/report-00001/specjbb2015-C-20240907-00001.html
Report generation finished. Wallclock = 1418 msecs, real = 2670 msecs, parallelism = 1.88x
