
SPECjbb2015 Java Business Benchmark
 (c) Standard Performance Evaluation Corporation, 2015

Preparing to launch SPECjbb2015 reporter.

Reading property file: /shared/projects/openjdk/analysis/lilliput-benefits/specjbb/results-COH-OFF-G1-1/./config/specjbb2015.props
Report directory is result/specjbb2015-C-20240905-00001/report-00001
  7904s: Building report...

       911 msec: Pre-reading source
         0 msec: Validation
         1 msec: Dump run logs
        52 msec: Building throughput - response time curve
RUN RESULT: hbIR (max attempted) = 11548, hbIR (settled) = 10532, max-jOPS = 10047, critical-jOPS = 3743
        17 msec: Primary metrics calculation
        74 msec: Render Allowed Failures
        24 msec: Parsing attributes
         1 msec: Parsing agent names
       324 msec: Max Delay during RT curve building
         0 msec: Printing JbbProperties
         0 msec: Controller time verification
         1 msec: Build report with HW/SW parameters
       514 msec: Render IR/PR Accuracy
       476 msec: Render IR by probes tasks
       502 msec: Overall RT curves
         0 msec: Render RT
        98 msec: Request Mix accuracy
         5 msec: Render template to file result/specjbb2015-C-20240905-00001/report-00001/data/specjbb2015-C-20240905-00001-runProperties.txt
        25 msec: Render template to file result/specjbb2015-C-20240905-00001/report-00001/specjbb2015-C-20240905-00001.html
Report generation finished. Wallclock = 1700 msecs, real = 3025 msecs, parallelism = 1.78x
