
SPECjbb2015 Java Business Benchmark
 (c) Standard Performance Evaluation Corporation, 2015

Preparing to launch SPECjbb2015 reporter.

Reading property file: /shared/projects/openjdk/analysis/lilliput-benefits/specjbb/results-COH-ON-G1-with-perf-1/./config/specjbb2015.props
Report directory is result/specjbb2015-C-20240906-00001/report-00001
  6917s: Building report...

       677 msec: Pre-reading source
         0 msec: Validation
         1 msec: Dump run logs
        41 msec: Building throughput - response time curve
RUN RESULT: hbIR (max attempted) = 13837, hbIR (settled) = 11548, max-jOPS = 10931, critical-jOPS = 4092
        16 msec: Primary metrics calculation
        60 msec: Render Allowed Failures
        21 msec: Parsing attributes
         1 msec: Parsing agent names
       425 msec: Max Delay during RT curve building
         0 msec: Printing JbbProperties
       534 msec: Overall RT curves
         2 msec: Build report with HW/SW parameters
         0 msec: Controller time verification
       520 msec: Render IR by probes tasks
         0 msec: Render RT
       585 msec: Render IR/PR Accuracy
       121 msec: Request Mix accuracy
         4 msec: Render template to file result/specjbb2015-C-20240906-00001/report-00001/data/specjbb2015-C-20240906-00001-runProperties.txt
        28 msec: Render template to file result/specjbb2015-C-20240906-00001/report-00001/specjbb2015-C-20240906-00001.html
Report generation finished. Wallclock = 1560 msecs, real = 3036 msecs, parallelism = 1.95x
