
SPECjbb2015 Java Business Benchmark
 (c) Standard Performance Evaluation Corporation, 2015

Preparing to launch SPECjbb2015 reporter.

Reading property file: /shared/projects/openjdk/analysis/lilliput-benefits/specjbb/results-COH-OFF-G1-3/./config/specjbb2015.props
Report directory is result/specjbb2015-C-20240905-00001/report-00001
  8006s: Building report...

       933 msec: Pre-reading source
         0 msec: Validation
         1 msec: Dump run logs
        57 msec: Building throughput - response time curve
RUN RESULT: hbIR (max attempted) = 11548, hbIR (settled) = 10632, max-jOPS = 10162, critical-jOPS = 3773
        26 msec: Primary metrics calculation
        89 msec: Render Allowed Failures
         0 msec: Printing JbbProperties
         1 msec: Build report with HW/SW parameters
         0 msec: Controller time verification
        37 msec: Parsing attributes
         3 msec: Parsing agent names
       451 msec: Render IR/PR Accuracy
       520 msec: Max Delay during RT curve building
       675 msec: Request Mix accuracy
       729 msec: Overall RT curves
       696 msec: Render IR by probes tasks
         0 msec: Render RT
         4 msec: Render template to file result/specjbb2015-C-20240905-00001/report-00001/data/specjbb2015-C-20240905-00001-runProperties.txt
        23 msec: Render template to file result/specjbb2015-C-20240905-00001/report-00001/specjbb2015-C-20240905-00001.html
Report generation finished. Wallclock = 1982 msecs, real = 4245 msecs, parallelism = 2.14x
