
SPECjbb2015 Java Business Benchmark
 (c) Standard Performance Evaluation Corporation, 2015

Preparing to launch SPECjbb2015 reporter.

Reading property file: /shared/projects/openjdk/analysis/lilliput-benefits/specjbb/results-COH-OFF-Parallel-FullGC-8G-1/./config/specjbb2015.props
Report directory is result/specjbb2015-C-20240916-00001/report-00001
  7750s: Building report...

       749 msec: Pre-reading source
         0 msec: Validation
         1 msec: Dump run logs
        66 msec: Building throughput - response time curve
RUN RESULT: hbIR (max attempted) = 13837, hbIR (settled) = 12440, max-jOPS = 12038, critical-jOPS = 4050
        28 msec: Primary metrics calculation
        97 msec: Render Allowed Failures
        33 msec: Parsing attributes
         3 msec: Parsing agent names
       406 msec: Max Delay during RT curve building
         0 msec: Printing JbbProperties
         0 msec: Controller time verification
         1 msec: Build report with HW/SW parameters
       684 msec: Render IR by probes tasks
       736 msec: Overall RT curves
         0 msec: Render RT
       199 msec: Request Mix accuracy
       806 msec: Render IR/PR Accuracy
         4 msec: Render template to file result/specjbb2015-C-20240916-00001/report-00001/data/specjbb2015-C-20240916-00001-runProperties.txt
        23 msec: Render template to file result/specjbb2015-C-20240916-00001/report-00001/specjbb2015-C-20240916-00001.html
Report generation finished. Wallclock = 1764 msecs, real = 3836 msecs, parallelism = 2.17x
