
SPECjbb2015 Java Business Benchmark
 (c) Standard Performance Evaluation Corporation, 2015

Preparing to launch SPECjbb2015 reporter.

Reading property file: /shared/projects/openjdk/analysis/lilliput-benefits/specjbb/results-COH-ON-G1-with-perf-0/./config/specjbb2015.props
Report directory is result/specjbb2015-C-20240906-00001/report-00001
  6945s: Building report...

       806 msec: Pre-reading source
         0 msec: Validation
         1 msec: Dump run logs
        58 msec: Building throughput - response time curve
RUN RESULT: hbIR (max attempted) = 13837, hbIR (settled) = 11548, max-jOPS = 10931, critical-jOPS = 4079
        63 msec: Primary metrics calculation
       125 msec: Render Allowed Failures
        33 msec: Parsing attributes
         2 msec: Parsing agent names
       408 msec: Max Delay during RT curve building
         0 msec: Printing JbbProperties
         1 msec: Build report with HW/SW parameters
         0 msec: Controller time verification
       577 msec: Render IR by probes tasks
       778 msec: Render IR/PR Accuracy
       753 msec: Overall RT curves
         0 msec: Render RT
       197 msec: Request Mix accuracy
         5 msec: Render template to file result/specjbb2015-C-20240906-00001/report-00001/data/specjbb2015-C-20240906-00001-runProperties.txt
        25 msec: Render template to file result/specjbb2015-C-20240906-00001/report-00001/specjbb2015-C-20240906-00001.html
Report generation finished. Wallclock = 1856 msecs, real = 3832 msecs, parallelism = 2.06x
