
SPECjbb2015 Java Business Benchmark
 (c) Standard Performance Evaluation Corporation, 2015

Preparing to launch SPECjbb2015 reporter.

Reading property file: /shared/projects/openjdk/analysis/lilliput-benefits/specjbb/results-COH-OFF-G1-with-perf-0/./config/specjbb2015.props
Report directory is result/specjbb2015-C-20240906-00001/report-00001
  7756s: Building report...

      1015 msec: Pre-reading source
         0 msec: Validation
         2 msec: Dump run logs
        46 msec: Building throughput - response time curve
RUN RESULT: hbIR (max attempted) = 11548, hbIR (settled) = 10532, max-jOPS = 10047, critical-jOPS = 3718
        27 msec: Primary metrics calculation
        76 msec: Render Allowed Failures
        31 msec: Parsing attributes
         1 msec: Parsing agent names
       527 msec: Max Delay during RT curve building
         0 msec: Printing JbbProperties
         0 msec: Controller time verification
       710 msec: Render IR/PR Accuracy
         1 msec: Build report with HW/SW parameters
       672 msec: Overall RT curves
       648 msec: Render IR by probes tasks
         0 msec: Render RT
       140 msec: Request Mix accuracy
         4 msec: Render template to file result/specjbb2015-C-20240906-00001/report-00001/data/specjbb2015-C-20240906-00001-runProperties.txt
        31 msec: Render template to file result/specjbb2015-C-20240906-00001/report-00001/specjbb2015-C-20240906-00001.html
Report generation finished. Wallclock = 2078 msecs, real = 3931 msecs, parallelism = 1.89x
