
SPECjbb2015 Java Business Benchmark
 (c) Standard Performance Evaluation Corporation, 2015

Preparing to launch SPECjbb2015 reporter.

Reading property file: /shared/projects/openjdk/analysis/lilliput-benefits/specjbb/results-COH-OFF-Parallel-1/./config/specjbb2015.props
Report directory is result/specjbb2015-C-20240908-00001/report-00001
  7942s: Building report...

       824 msec: Pre-reading source
         0 msec: Validation
         2 msec: Dump run logs
        67 msec: Building throughput - response time curve
RUN RESULT: hbIR (max attempted) = 11548, hbIR (settled) = 10710, max-jOPS = 10393, critical-jOPS = 3758
        30 msec: Primary metrics calculation
       100 msec: Render Allowed Failures
         0 msec: Printing JbbProperties
         2 msec: Build report with HW/SW parameters
         0 msec: Controller time verification
        42 msec: Parsing attributes
         2 msec: Parsing agent names
       502 msec: Render IR/PR Accuracy
       382 msec: Max Delay during RT curve building
       533 msec: Request Mix accuracy
       595 msec: Overall RT curves
       625 msec: Render IR by probes tasks
         0 msec: Render RT
         4 msec: Render template to file result/specjbb2015-C-20240908-00001/report-00001/data/specjbb2015-C-20240908-00001-runProperties.txt
        22 msec: Render template to file result/specjbb2015-C-20240908-00001/report-00001/specjbb2015-C-20240908-00001.html
Report generation finished. Wallclock = 1779 msecs, real = 3732 msecs, parallelism = 2.10x
