
SPECjbb2015 Java Business Benchmark
 (c) Standard Performance Evaluation Corporation, 2015

Preparing to launch SPECjbb2015 reporter.

Reading property file: /shared/projects/openjdk/analysis/lilliput-benefits/specjbb/results-COH-ON-G1-4/./config/specjbb2015.props
Report directory is result/specjbb2015-C-20240908-00001/report-00001
  6766s: Building report...

       671 msec: Pre-reading source
         0 msec: Validation
         2 msec: Dump run logs
        50 msec: Building throughput - response time curve
RUN RESULT: hbIR (max attempted) = 13837, hbIR (settled) = 11548, max-jOPS = 10931, critical-jOPS = 4041
        16 msec: Primary metrics calculation
        70 msec: Render Allowed Failures
        20 msec: Parsing attributes
         2 msec: Parsing agent names
       399 msec: Max Delay during RT curve building
         0 msec: Printing JbbProperties
         0 msec: Controller time verification
         2 msec: Build report with HW/SW parameters
       546 msec: Render IR by probes tasks
       567 msec: Overall RT curves
         0 msec: Render RT
       626 msec: Render IR/PR Accuracy
        73 msec: Request Mix accuracy
         3 msec: Render template to file result/specjbb2015-C-20240908-00001/report-00001/data/specjbb2015-C-20240908-00001-runProperties.txt
        22 msec: Render template to file result/specjbb2015-C-20240908-00001/report-00001/specjbb2015-C-20240908-00001.html
Report generation finished. Wallclock = 1515 msecs, real = 3069 msecs, parallelism = 2.03x
