
SPECjbb2015 Java Business Benchmark
 (c) Standard Performance Evaluation Corporation, 2015

Preparing to launch SPECjbb2015 reporter.

Reading property file: /shared/projects/openjdk/analysis/lilliput-benefits/specjbb/results-COH-ON-G1-3/./config/specjbb2015.props
Report directory is result/specjbb2015-C-20240905-00001/report-00001
  6713s: Building report...

       669 msec: Pre-reading source
         0 msec: Validation
         1 msec: Dump run logs
        44 msec: Building throughput - response time curve
RUN RESULT: hbIR (max attempted) = 13837, hbIR (settled) = 11548, max-jOPS = 10793, critical-jOPS = 4013
        17 msec: Primary metrics calculation
        65 msec: Render Allowed Failures
        20 msec: Parsing attributes
         1 msec: Parsing agent names
       313 msec: Max Delay during RT curve building
         0 msec: Printing JbbProperties
         0 msec: Controller time verification
       420 msec: Render IR by probes tasks
         1 msec: Build report with HW/SW parameters
       538 msec: Render IR/PR Accuracy
       531 msec: Overall RT curves
         0 msec: Render RT
       188 msec: Request Mix accuracy
         3 msec: Render template to file result/specjbb2015-C-20240905-00001/report-00001/data/specjbb2015-C-20240905-00001-runProperties.txt
        22 msec: Render template to file result/specjbb2015-C-20240905-00001/report-00001/specjbb2015-C-20240905-00001.html
Report generation finished. Wallclock = 1501 msecs, real = 2833 msecs, parallelism = 1.89x
