
SPECjbb2015 Java Business Benchmark
 (c) Standard Performance Evaluation Corporation, 2015

Preparing to launch SPECjbb2015 reporter.

Reading property file: /shared/projects/openjdk/analysis/lilliput-benefits/specjbb/results-COH-ON-Parallel-2/./config/specjbb2015.props
Report directory is result/specjbb2015-C-20240908-00001/report-00001
  6913s: Building report...

       714 msec: Pre-reading source
         0 msec: Validation
         1 msec: Dump run logs
        65 msec: Building throughput - response time curve
RUN RESULT: hbIR (max attempted) = 13837, hbIR (settled) = 11548, max-jOPS = 10931, critical-jOPS = 4049
        24 msec: Primary metrics calculation
        92 msec: Render Allowed Failures
        37 msec: Parsing attributes
         2 msec: Parsing agent names
       467 msec: Render IR by probes tasks
         0 msec: Printing JbbProperties
         1 msec: Build report with HW/SW parameters
         0 msec: Controller time verification
       381 msec: Max Delay during RT curve building
       590 msec: Render IR/PR Accuracy
       532 msec: Overall RT curves
         0 msec: Render RT
       149 msec: Request Mix accuracy
         3 msec: Render template to file result/specjbb2015-C-20240908-00001/report-00001/data/specjbb2015-C-20240908-00001-runProperties.txt
        29 msec: Render template to file result/specjbb2015-C-20240908-00001/report-00001/specjbb2015-C-20240908-00001.html
Report generation finished. Wallclock = 1643 msecs, real = 3087 msecs, parallelism = 1.88x
