
SPECjbb2015 Java Business Benchmark
 (c) Standard Performance Evaluation Corporation, 2015

Preparing to launch SPECjbb2015 reporter.

Reading property file: /shared/projects/openjdk/analysis/lilliput-benefits/specjbb/results-COH-ON-Parallel-FullGC-8G-2/./config/specjbb2015.props
Report directory is result/specjbb2015-C-20240917-00001/report-00001
  8306s: Building report...

       820 msec: Pre-reading source
         0 msec: Validation
         1 msec: Dump run logs
        68 msec: Building throughput - response time curve
RUN RESULT: hbIR (max attempted) = 13837, hbIR (settled) = 13134, max-jOPS = 12730, critical-jOPS = 4761
        30 msec: Primary metrics calculation
       104 msec: Render Allowed Failures
         0 msec: Printing JbbProperties
         1 msec: Build report with HW/SW parameters
         0 msec: Controller time verification
        34 msec: Parsing attributes
         3 msec: Parsing agent names
       526 msec: Render IR/PR Accuracy
       440 msec: Max Delay during RT curve building
       563 msec: Request Mix accuracy
       583 msec: Render IR by probes tasks
       712 msec: Overall RT curves
         0 msec: Render RT
         4 msec: Render template to file result/specjbb2015-C-20240917-00001/report-00001/data/specjbb2015-C-20240917-00001-runProperties.txt
        24 msec: Render template to file result/specjbb2015-C-20240917-00001/report-00001/specjbb2015-C-20240917-00001.html
Report generation finished. Wallclock = 1827 msecs, real = 3913 msecs, parallelism = 2.14x
