
SPECjbb2015 Java Business Benchmark
 (c) Standard Performance Evaluation Corporation, 2015

Preparing to launch SPECjbb2015 reporter.

Reading property file: /shared/projects/openjdk/analysis/lilliput-benefits/specjbb/results-COH-OFF-Parallel-0/./config/specjbb2015.props
Report directory is result/specjbb2015-C-20240907-00001/report-00001
  7691s: Building report...

       970 msec: Pre-reading source
         0 msec: Validation
         1 msec: Dump run logs
        70 msec: Building throughput - response time curve
RUN RESULT: hbIR (max attempted) = 11548, hbIR (settled) = 10924, max-jOPS = 9931, critical-jOPS = 3835
        27 msec: Primary metrics calculation
       102 msec: Render Allowed Failures
        42 msec: Parsing attributes
         3 msec: Parsing agent names
       311 msec: Max Delay during RT curve building
         0 msec: Printing JbbProperties
         0 msec: Controller time verification
         1 msec: Build report with HW/SW parameters
       560 msec: Render IR by probes tasks
       612 msec: Overall RT curves
         0 msec: Render RT
       687 msec: Render IR/PR Accuracy
       182 msec: Request Mix accuracy
         4 msec: Render template to file result/specjbb2015-C-20240907-00001/report-00001/data/specjbb2015-C-20240907-00001-runProperties.txt
        31 msec: Render template to file result/specjbb2015-C-20240907-00001/report-00001/specjbb2015-C-20240907-00001.html
Report generation finished. Wallclock = 1910 msecs, real = 3603 msecs, parallelism = 1.89x
