
SPECjbb2015 Java Business Benchmark
 (c) Standard Performance Evaluation Corporation, 2015

Preparing to launch SPECjbb2015 reporter.

Reading property file: /shared/projects/openjdk/analysis/lilliput-benefits/specjbb/results-COH-OFF-Parallel-FullGC-8G-0/./config/specjbb2015.props
Report directory is result/specjbb2015-C-20240916-00001/report-00001
  7739s: Building report...

       794 msec: Pre-reading source
         0 msec: Validation
         1 msec: Dump run logs
        44 msec: Building throughput - response time curve
RUN RESULT: hbIR (max attempted) = 13837, hbIR (settled) = 11970, max-jOPS = 11900, critical-jOPS = 4439
        18 msec: Primary metrics calculation
        65 msec: Render Allowed Failures
         0 msec: Printing JbbProperties
         2 msec: Build report with HW/SW parameters
         0 msec: Controller time verification
        23 msec: Parsing attributes
         1 msec: Parsing agent names
       439 msec: Render IR/PR Accuracy
       393 msec: Max Delay during RT curve building
       628 msec: Render IR by probes tasks
       659 msec: Overall RT curves
         0 msec: Render RT
       637 msec: Request Mix accuracy
         5 msec: Render template to file result/specjbb2015-C-20240916-00001/report-00001/data/specjbb2015-C-20240916-00001-runProperties.txt
        23 msec: Render template to file result/specjbb2015-C-20240916-00001/report-00001/specjbb2015-C-20240916-00001.html
Report generation finished. Wallclock = 1709 msecs, real = 3732 msecs, parallelism = 2.18x
