
SPECjbb2015 Java Business Benchmark
 (c) Standard Performance Evaluation Corporation, 2015

Preparing to launch SPECjbb2015 reporter.

Reading property file: /shared/projects/openjdk/analysis/lilliput-benefits/specjbb/results-COH-ON-Parallel-FullGC-8G-1/./config/specjbb2015.props
Report directory is result/specjbb2015-C-20240916-00001/report-00001
  8273s: Building report...

       874 msec: Pre-reading source
         0 msec: Validation
         1 msec: Dump run logs
        47 msec: Building throughput - response time curve
RUN RESULT: hbIR (max attempted) = 13837, hbIR (settled) = 12952, max-jOPS = 13007, critical-jOPS = 4927
        27 msec: Primary metrics calculation
        76 msec: Render Allowed Failures
         0 msec: Printing JbbProperties
         1 msec: Build report with HW/SW parameters
         0 msec: Controller time verification
        30 msec: Parsing attributes
         3 msec: Parsing agent names
       494 msec: Render IR/PR Accuracy
       496 msec: Render IR by probes tasks
       498 msec: Request Mix accuracy
       421 msec: Max Delay during RT curve building
       537 msec: Overall RT curves
         0 msec: Render RT
         4 msec: Render template to file result/specjbb2015-C-20240916-00001/report-00001/data/specjbb2015-C-20240916-00001-runProperties.txt
        22 msec: Render template to file result/specjbb2015-C-20240916-00001/report-00001/specjbb2015-C-20240916-00001.html
Report generation finished. Wallclock = 1700 msecs, real = 3531 msecs, parallelism = 2.08x
