
SPECjbb2015 Java Business Benchmark
 (c) Standard Performance Evaluation Corporation, 2015

Preparing to launch SPECjbb2015 reporter.

Reading property file: /shared/projects/openjdk/analysis/lilliput-benefits/specjbb/results-COH-ON-Parallel-3/./config/specjbb2015.props
Report directory is result/specjbb2015-C-20240908-00001/report-00001
  6935s: Building report...

       681 msec: Pre-reading source
         0 msec: Validation
         1 msec: Dump run logs
        65 msec: Building throughput - response time curve
RUN RESULT: hbIR (max attempted) = 13837, hbIR (settled) = 11548, max-jOPS = 10654, critical-jOPS = 3999
        26 msec: Primary metrics calculation
        93 msec: Render Allowed Failures
        21 msec: Parsing attributes
         2 msec: Parsing agent names
       375 msec: Max Delay during RT curve building
         0 msec: Printing JbbProperties
         0 msec: Controller time verification
       476 msec: Render IR by probes tasks
         2 msec: Build report with HW/SW parameters
       586 msec: Render IR/PR Accuracy
       523 msec: Overall RT curves
         0 msec: Render RT
        73 msec: Request Mix accuracy
         5 msec: Render template to file result/specjbb2015-C-20240908-00001/report-00001/data/specjbb2015-C-20240908-00001-runProperties.txt
        25 msec: Render template to file result/specjbb2015-C-20240908-00001/report-00001/specjbb2015-C-20240908-00001.html
Report generation finished. Wallclock = 1514 msecs, real = 2954 msecs, parallelism = 1.95x
