
SPECjbb2015 Java Business Benchmark
 (c) Standard Performance Evaluation Corporation, 2015

Preparing to launch SPECjbb2015 reporter.

Reading property file: /shared/projects/openjdk/analysis/lilliput-benefits/specjbb/results-COH-OFF-G1-1/./config/specjbb2015.props
Report directory is result/specjbb2015-C-20240907-00001/report-00001
  7811s: Building report...

       819 msec: Pre-reading source
         0 msec: Validation
         1 msec: Dump run logs
        63 msec: Building throughput - response time curve
RUN RESULT: hbIR (max attempted) = 11548, hbIR (settled) = 10710, max-jOPS = 10278, critical-jOPS = 3837
        32 msec: Primary metrics calculation
        97 msec: Render Allowed Failures
        42 msec: Parsing attributes
         2 msec: Parsing agent names
       368 msec: Max Delay during RT curve building
         0 msec: Printing JbbProperties
       528 msec: Overall RT curves
         0 msec: Controller time verification
         1 msec: Build report with HW/SW parameters
       571 msec: Render IR by probes tasks
         0 msec: Render RT
       677 msec: Render IR/PR Accuracy
       103 msec: Request Mix accuracy
         5 msec: Render template to file result/specjbb2015-C-20240907-00001/report-00001/data/specjbb2015-C-20240907-00001-runProperties.txt
        25 msec: Render template to file result/specjbb2015-C-20240907-00001/report-00001/specjbb2015-C-20240907-00001.html
Report generation finished. Wallclock = 1768 msecs, real = 3334 msecs, parallelism = 1.89x
