
SPECjbb2015 Java Business Benchmark
 (c) Standard Performance Evaluation Corporation, 2015

Preparing to launch SPECjbb2015 reporter.

Reading property file: /shared/projects/openjdk/analysis/lilliput-benefits/specjbb/results-COH-OFF-G1-3/./config/specjbb2015.props
Report directory is result/specjbb2015-C-20240908-00001/report-00001
  7822s: Building report...

       928 msec: Pre-reading source
         0 msec: Validation
         1 msec: Dump run logs
        64 msec: Building throughput - response time curve
RUN RESULT: hbIR (max attempted) = 11548, hbIR (settled) = 10710, max-jOPS = 10278, critical-jOPS = 3806
        26 msec: Primary metrics calculation
        94 msec: Render Allowed Failures
        37 msec: Parsing attributes
         3 msec: Parsing agent names
       400 msec: Max Delay during RT curve building
         0 msec: Printing JbbProperties
         1 msec: Build report with HW/SW parameters
         0 msec: Controller time verification
       747 msec: Overall RT curves
       252 msec: Request Mix accuracy
       833 msec: Render IR by probes tasks
         0 msec: Render RT
       930 msec: Render IR/PR Accuracy
         5 msec: Render template to file result/specjbb2015-C-20240908-00001/report-00001/data/specjbb2015-C-20240908-00001-runProperties.txt
        33 msec: Render template to file result/specjbb2015-C-20240908-00001/report-00001/specjbb2015-C-20240908-00001.html
Report generation finished. Wallclock = 2104 msecs, real = 4354 msecs, parallelism = 2.07x
