
SPECjbb2015 Java Business Benchmark
 (c) Standard Performance Evaluation Corporation, 2015

Preparing to launch SPECjbb2015 reporter.

Reading property file: /shared/projects/openjdk/analysis/lilliput-benefits/specjbb/results-COH-OFF-G1-with-perf-1/./config/specjbb2015.props
Report directory is result/specjbb2015-C-20240906-00001/report-00001
  8124s: Building report...

       970 msec: Pre-reading source
         0 msec: Validation
         2 msec: Dump run logs
        59 msec: Building throughput - response time curve
RUN RESULT: hbIR (max attempted) = 11548, hbIR (settled) = 10924, max-jOPS = 10393, critical-jOPS = 3736
        25 msec: Primary metrics calculation
        87 msec: Render Allowed Failures
        36 msec: Parsing attributes
         3 msec: Parsing agent names
       570 msec: Render IR/PR Accuracy
         0 msec: Printing JbbProperties
       509 msec: Render IR by probes tasks
       406 msec: Max Delay during RT curve building
         2 msec: Build report with HW/SW parameters
         0 msec: Controller time verification
       556 msec: Overall RT curves
         0 msec: Render RT
        63 msec: Request Mix accuracy
         5 msec: Render template to file result/specjbb2015-C-20240906-00001/report-00001/data/specjbb2015-C-20240906-00001-runProperties.txt
        24 msec: Render template to file result/specjbb2015-C-20240906-00001/report-00001/specjbb2015-C-20240906-00001.html
Report generation finished. Wallclock = 1845 msecs, real = 3317 msecs, parallelism = 1.80x
