
SPECjbb2015 Java Business Benchmark
 (c) Standard Performance Evaluation Corporation, 2015

Preparing to launch SPECjbb2015 reporter.

Reading property file: /shared/projects/openjdk/analysis/lilliput-benefits/specjbb/results-COH-OFF-Parallel-FullGC-8G-3/./config/specjbb2015.props
Report directory is result/specjbb2015-C-20240917-00001/report-00001
  8073s: Building report...

       941 msec: Pre-reading source
         0 msec: Validation
         1 msec: Dump run logs
        58 msec: Building throughput - response time curve
RUN RESULT: hbIR (max attempted) = 13837, hbIR (settled) = 13089, max-jOPS = 12453, critical-jOPS = 4298
        28 msec: Primary metrics calculation
        90 msec: Render Allowed Failures
        27 msec: Parsing attributes
         2 msec: Parsing agent names
       427 msec: Render IR/PR Accuracy
         0 msec: Printing JbbProperties
         1 msec: Build report with HW/SW parameters
         0 msec: Controller time verification
       363 msec: Max Delay during RT curve building
       491 msec: Render IR by probes tasks
       529 msec: Overall RT curves
         0 msec: Render RT
       169 msec: Request Mix accuracy
         5 msec: Render template to file result/specjbb2015-C-20240917-00001/report-00001/data/specjbb2015-C-20240917-00001-runProperties.txt
        25 msec: Render template to file result/specjbb2015-C-20240917-00001/report-00001/specjbb2015-C-20240917-00001.html
Report generation finished. Wallclock = 1762 msecs, real = 3157 msecs, parallelism = 1.79x
