
SPECjbb2015 Java Business Benchmark
 (c) Standard Performance Evaluation Corporation, 2015

Preparing to launch SPECjbb2015 reporter.

Reading property file: /shared/projects/openjdk/analysis/lilliput-benefits/specjbb/results-COH-ON-G1-FullGC-8G-0/./config/specjbb2015.props
Report directory is result/specjbb2015-C-20240913-00001/report-00001
  8101s: Building report...

       830 msec: Pre-reading source
         0 msec: Validation
         1 msec: Dump run logs
        61 msec: Building throughput - response time curve
RUN RESULT: hbIR (max attempted) = 12302, hbIR (settled) = 11859, max-jOPS = 11564, critical-jOPS = 4091
        27 msec: Primary metrics calculation
        92 msec: Render Allowed Failures
        37 msec: Parsing attributes
         4 msec: Parsing agent names
       612 msec: Render IR/PR Accuracy
         0 msec: Printing JbbProperties
         1 msec: Build report with HW/SW parameters
         0 msec: Controller time verification
       542 msec: Max Delay during RT curve building
       758 msec: Render IR by probes tasks
       240 msec: Request Mix accuracy
       807 msec: Overall RT curves
         0 msec: Render RT
         4 msec: Render template to file result/specjbb2015-C-20240913-00001/report-00001/data/specjbb2015-C-20240913-00001-runProperties.txt
        24 msec: Render template to file result/specjbb2015-C-20240913-00001/report-00001/specjbb2015-C-20240913-00001.html
Report generation finished. Wallclock = 1946 msecs, real = 4040 msecs, parallelism = 2.08x
