
SPECjbb2015 Java Business Benchmark
 (c) Standard Performance Evaluation Corporation, 2015

Preparing to launch SPECjbb2015 reporter.

Reading property file: /shared/projects/openjdk/analysis/lilliput-benefits/specjbb/results-COH-OFF-G1-2/./config/specjbb2015.props
Report directory is result/specjbb2015-C-20240905-00001/report-00001
  7853s: Building report...

       964 msec: Pre-reading source
         0 msec: Validation
         1 msec: Dump run logs
        41 msec: Building throughput - response time curve
RUN RESULT: hbIR (max attempted) = 11548, hbIR (settled) = 10383, max-jOPS = 10162, critical-jOPS = 3860
        27 msec: Primary metrics calculation
        73 msec: Render Allowed Failures
        27 msec: Parsing attributes
         3 msec: Parsing agent names
       416 msec: Max Delay during RT curve building
         0 msec: Printing JbbProperties
         2 msec: Build report with HW/SW parameters
         0 msec: Controller time verification
       703 msec: Render IR/PR Accuracy
       668 msec: Overall RT curves
       649 msec: Render IR by probes tasks
         0 msec: Render RT
       273 msec: Request Mix accuracy
         5 msec: Render template to file result/specjbb2015-C-20240905-00001/report-00001/data/specjbb2015-C-20240905-00001-runProperties.txt
        30 msec: Render template to file result/specjbb2015-C-20240905-00001/report-00001/specjbb2015-C-20240905-00001.html
Report generation finished. Wallclock = 2052 msecs, real = 3882 msecs, parallelism = 1.89x
