
SPECjbb2015 Java Business Benchmark
 (c) Standard Performance Evaluation Corporation, 2015

Preparing to launch SPECjbb2015 reporter.

Reading property file: /shared/projects/openjdk/analysis/lilliput-benefits/specjbb/results-COH-OFF-G1-4/./config/specjbb2015.props
Report directory is result/specjbb2015-C-20240908-00001/report-00001
  7888s: Building report...

       827 msec: Pre-reading source
         0 msec: Validation
         1 msec: Dump run logs
        69 msec: Building throughput - response time curve
RUN RESULT: hbIR (max attempted) = 11548, hbIR (settled) = 10710, max-jOPS = 10162, critical-jOPS = 3727
        31 msec: Primary metrics calculation
       103 msec: Render Allowed Failures
        40 msec: Parsing attributes
         3 msec: Parsing agent names
       331 msec: Max Delay during RT curve building
         0 msec: Printing JbbProperties
       508 msec: Overall RT curves
         1 msec: Build report with HW/SW parameters
         0 msec: Controller time verification
       629 msec: Render IR/PR Accuracy
       574 msec: Render IR by probes tasks
         0 msec: Render RT
       219 msec: Request Mix accuracy
         4 msec: Render template to file result/specjbb2015-C-20240908-00001/report-00001/data/specjbb2015-C-20240908-00001-runProperties.txt
        24 msec: Render template to file result/specjbb2015-C-20240908-00001/report-00001/specjbb2015-C-20240908-00001.html
Report generation finished. Wallclock = 1825 msecs, real = 3364 msecs, parallelism = 1.84x
