
SPECjbb2015 Java Business Benchmark
 (c) Standard Performance Evaluation Corporation, 2015

Preparing to launch SPECjbb2015 reporter.

Reading property file: /shared/projects/openjdk/analysis/lilliput-benefits/specjbb/results-COH-OFF-G1-0/./config/specjbb2015.props
Report directory is result/specjbb2015-C-20240907-00001/report-00001
  8106s: Building report...

       983 msec: Pre-reading source
         0 msec: Validation
         2 msec: Dump run logs
        44 msec: Building throughput - response time curve
RUN RESULT: hbIR (max attempted) = 11548, hbIR (settled) = 10632, max-jOPS = 10162, critical-jOPS = 3845
        17 msec: Primary metrics calculation
        66 msec: Render Allowed Failures
         0 msec: Printing JbbProperties
         2 msec: Build report with HW/SW parameters
         0 msec: Controller time verification
        40 msec: Parsing attributes
         3 msec: Parsing agent names
       430 msec: Render IR/PR Accuracy
       415 msec: Max Delay during RT curve building
       554 msec: Request Mix accuracy
       589 msec: Overall RT curves
       705 msec: Render IR by probes tasks
         0 msec: Render RT
         3 msec: Render template to file result/specjbb2015-C-20240907-00001/report-00001/data/specjbb2015-C-20240907-00001-runProperties.txt
        23 msec: Render template to file result/specjbb2015-C-20240907-00001/report-00001/specjbb2015-C-20240907-00001.html
Report generation finished. Wallclock = 1987 msecs, real = 3876 msecs, parallelism = 1.95x
