
SPECjbb2015 Java Business Benchmark
 (c) Standard Performance Evaluation Corporation, 2015

Preparing to launch SPECjbb2015 reporter.

Reading property file: /shared/projects/openjdk/analysis/lilliput-benefits/specjbb/results-COH-ON-G1-with-perf-3/./config/specjbb2015.props
Report directory is result/specjbb2015-C-20240906-00001/report-00001
  6575s: Building report...

       737 msec: Pre-reading source
         0 msec: Validation
         2 msec: Dump run logs
        39 msec: Building throughput - response time curve
RUN RESULT: hbIR (max attempted) = 13837, hbIR (settled) = 11548, max-jOPS = 10654, critical-jOPS = 4008
        17 msec: Primary metrics calculation
        60 msec: Render Allowed Failures
        20 msec: Parsing attributes
         2 msec: Parsing agent names
       633 msec: Render IR by probes tasks
         0 msec: Printing JbbProperties
         0 msec: Controller time verification
       697 msec: Render IR/PR Accuracy
         2 msec: Build report with HW/SW parameters
       574 msec: Max Delay during RT curve building
       680 msec: Overall RT curves
         0 msec: Render RT
        63 msec: Request Mix accuracy
         4 msec: Render template to file result/specjbb2015-C-20240906-00001/report-00001/data/specjbb2015-C-20240906-00001-runProperties.txt
        25 msec: Render template to file result/specjbb2015-C-20240906-00001/report-00001/specjbb2015-C-20240906-00001.html
Report generation finished. Wallclock = 1722 msecs, real = 3555 msecs, parallelism = 2.06x
